# JRE version: OpenJDK Runtime Environment (8.0_242) (build 1.8.0_242-release-1644-b3-6222593)
# Java VM: OpenJDK 64-Bit Server VM (25.242-b3-6222593 mixed mode linux-amd64 compressed oops)
Heap:
 PSYoungGen      total 622592K, used 0K [0x00000000d5580000, 0x00000000ffb00000, 0x0000000100000000)
  eden space 550912K, 0% used [0x00000000d5580000,0x00000000d5580000,0x00000000f6f80000)
  from space 71680K, 0% used [0x00000000f6f80000,0x00000000f6f80000,0x00000000fb580000)
  to   space 69120K, 0% used [0x00000000fb780000,0x00000000fb780000,0x00000000ffb00000)
 ParOldGen       total 829952K, used 564346K [0x0000000080000000, 0x00000000b2a80000, 0x00000000d5580000)
  object space 829952K, 67% used [0x0000000080000000,0x00000000a271e8d0,0x00000000b2a80000)
 Metaspace       used 378874K, capacity 402305K, committed 402648K, reserved 1398784K
  class space    used 47875K, capacity 52351K, committed 52480K, reserved 1048576K
GC Heap History (10 events):
Event: 2267.143 GC heap after
Heap after GC invocations=172 (full 11):
 PSYoungGen      total 617984K, used 23749K [0x00000000d5580000, 0x00000000fff00000, 0x0000000100000000)
  eden space 540160K, 0% used [0x00000000d5580000,0x00000000d5580000,0x00000000f6500000)
  from space 77824K, 30% used [0x00000000f6500000,0x00000000f7c314c0,0x00000000fb100000)
  to   space 75776K, 0% used [0x00000000fb500000,0x00000000fb500000,0x00000000fff00000)
 ParOldGen       total 829952K, used 723133K [0x0000000080000000, 0x00000000b2a80000, 0x00000000d5580000)
  object space 829952K, 87% used [0x0000000080000000,0x00000000ac22f7b0,0x00000000b2a80000)
 Metaspace       used 378869K, capacity 402311K, committed 402648K, reserved 1398784K
  class space    used 47875K, capacity 52352K, committed 52480K, reserved 1048576K
}
Event: 2269.400 GC heap before
{Heap before GC invocations=173 (full 11):
 PSYoungGen      total 617984K, used 563909K [0x00000000d5580000, 0x00000000fff00000, 0x0000000100000000)
  eden space 540160K, 100% used [0x00000000d5580000,0x00000000f6500000,0x00000000f6500000)
  from space 77824K, 30% used [0x00000000f6500000,0x00000000f7c314c0,0x00000000fb100000)
  to   space 75776K, 0% used [0x00000000fb500000,0x00000000fb500000,0x00000000fff00000)
 ParOldGen       total 829952K, used 723133K [0x0000000080000000, 0x00000000b2a80000, 0x00000000d5580000)
  object space 829952K, 87% used [0x0000000080000000,0x00000000ac22f7b0,0x00000000b2a80000)
 Metaspace       used 378872K, capacity 402317K, committed 402648K, reserved 1398784K
  class space    used 47876K, capacity 52353K, committed 52480K, reserved 1048576K
Event: 2269.523 GC heap after
Heap after GC invocations=173 (full 11):
 PSYoungGen      total 619008K, used 13514K [0x00000000d5580000, 0x00000000ffd00000, 0x0000000100000000)
  eden space 545280K, 0% used [0x00000000d5580000,0x00000000d5580000,0x00000000f6a00000)
  from space 73728K, 18% used [0x00000000fb500000,0x00000000fc232bd8,0x00000000ffd00000)
  to   space 75264K, 0% used [0x00000000f6a00000,0x00000000f6a00000,0x00000000fb380000)
 ParOldGen       total 829952K, used 743495K [0x0000000080000000, 0x00000000b2a80000, 0x00000000d5580000)
  object space 829952K, 89% used [0x0000000080000000,0x00000000ad611d88,0x00000000b2a80000)
 Metaspace       used 378872K, capacity 402317K, committed 402648K, reserved 1398784K
  class space    used 47876K, capacity 52353K, committed 52480K, reserved 1048576K
}
Event: 2271.927 GC heap before
{Heap before GC invocations=174 (full 11):
 PSYoungGen      total 619008K, used 558794K [0x00000000d5580000, 0x00000000ffd00000, 0x0000000100000000)
  eden space 545280K, 100% used [0x00000000d5580000,0x00000000f6a00000,0x00000000f6a00000)
  from space 73728K, 18% used [0x00000000fb500000,0x00000000fc232bd8,0x00000000ffd00000)
  to   space 75264K, 0% used [0x00000000f6a00000,0x00000000f6a00000,0x00000000fb380000)
 ParOldGen       total 829952K, used 743495K [0x0000000080000000, 0x00000000b2a80000, 0x00000000d5580000)
  object space 829952K, 89% used [0x0000000080000000,0x00000000ad611d88,0x00000000b2a80000)
 Metaspace       used 378876K, capacity 402317K, committed 402648K, reserved 1398784K
  class space    used 47876K, capacity 52353K, committed 52480K, reserved 1048576K
Event: 2272.066 GC heap after
Heap after GC invocations=174 (full 11):
 PSYoungGen      total 620544K, used 37672K [0x00000000d5580000, 0x00000000ffc80000, 0x0000000100000000)
  eden space 545280K, 0% used [0x00000000d5580000,0x00000000d5580000,0x00000000f6a00000)
  from space 75264K, 50% used [0x00000000f6a00000,0x00000000f8eca100,0x00000000fb380000)
  to   space 72704K, 0% used [0x00000000fb580000,0x00000000fb580000,0x00000000ffc80000)
 ParOldGen       total 829952K, used 751641K [0x0000000080000000, 0x00000000b2a80000, 0x00000000d5580000)
  object space 829952K, 90% used [0x0000000080000000,0x00000000ade06698,0x00000000b2a80000)
 Metaspace       used 378876K, capacity 402317K, committed 402648K, reserved 1398784K
  class space    used 47876K, capacity 52353K, committed 52480K, reserved 1048576K
}
Event: 2274.428 GC heap before
{Heap before GC invocations=175 (full 11):
 PSYoungGen      total 620544K, used 582952K [0x00000000d5580000, 0x00000000ffc80000, 0x0000000100000000)
  eden space 545280K, 100% used [0x00000000d5580000,0x00000000f6a00000,0x00000000f6a00000)
  from space 75264K, 50% used [0x00000000f6a00000,0x00000000f8eca100,0x00000000fb380000)
  to   space 72704K, 0% used [0x00000000fb580000,0x00000000fb580000,0x00000000ffc80000)
 ParOldGen       total 829952K, used 751641K [0x0000000080000000, 0x00000000b2a80000, 0x00000000d5580000)
  object space 829952K, 90% used [0x0000000080000000,0x00000000ade06698,0x00000000b2a80000)
 Metaspace       used 378883K, capacity 402323K, committed 402648K, reserved 1398784K
  class space    used 47876K, capacity 52354K, committed 52480K, reserved 1048576K
Event: 2274.572 GC heap after
Heap after GC invocations=175 (full 11):
 PSYoungGen      total 622592K, used 17068K [0x00000000d5580000, 0x00000000ffb80000, 0x0000000100000000)
  eden space 550912K, 0% used [0x00000000d5580000,0x00000000d5580000,0x00000000f6f80000)
  from space 71680K, 23% used [0x00000000fb580000,0x00000000fc62b0e8,0x00000000ffb80000)
  to   space 71680K, 0% used [0x00000000f6f80000,0x00000000f6f80000,0x00000000fb580000)
 ParOldGen       total 829952K, used 785526K [0x0000000080000000, 0x00000000b2a80000, 0x00000000d5580000)
  object space 829952K, 94% used [0x0000000080000000,0x00000000aff1d838,0x00000000b2a80000)
 Metaspace       used 378883K, capacity 402323K, committed 402648K, reserved 1398784K
  class space    used 47876K, capacity 52354K, committed 52480K, reserved 1048576K
}
Event: 2276.889 GC heap before
{Heap before GC invocations=176 (full 11):
 PSYoungGen      total 622592K, used 567980K [0x00000000d5580000, 0x00000000ffb80000, 0x0000000100000000)
  eden space 550912K, 100% used [0x00000000d5580000,0x00000000f6f80000,0x00000000f6f80000)
  from space 71680K, 23% used [0x00000000fb580000,0x00000000fc62b0e8,0x00000000ffb80000)
  to   space 71680K, 0% used [0x00000000f6f80000,0x00000000f6f80000,0x00000000fb580000)
 ParOldGen       total 829952K, used 785526K [0x0000000080000000, 0x00000000b2a80000, 0x00000000d5580000)
  object space 829952K, 94% used [0x0000000080000000,0x00000000aff1d838,0x00000000b2a80000)
 Metaspace       used 378885K, capacity 402323K, committed 402648K, reserved 1398784K
  class space    used 47877K, capacity 52354K, committed 52480K, reserved 1048576K
Event: 2277.011 GC heap after
Heap after GC invocations=176 (full 11):
 PSYoungGen      total 622592K, used 21419K [0x00000000d5580000, 0x00000000ffb00000, 0x0000000100000000)
  eden space 550912K, 0% used [0x00000000d5580000,0x00000000d5580000,0x00000000f6f80000)
  from space 71680K, 29% used [0x00000000f6f80000,0x00000000f846ae48,0x00000000fb580000)
  to   space 69120K, 0% used [0x00000000fb780000,0x00000000fb780000,0x00000000ffb00000)
 ParOldGen       total 829952K, used 800317K [0x0000000080000000, 0x00000000b2a80000, 0x00000000d5580000)
  object space 829952K, 96% used [0x0000000080000000,0x00000000b0d8f5b0,0x00000000b2a80000)
 Metaspace       used 378885K, capacity 402323K, committed 402648K, reserved 1398784K
  class space    used 47877K, capacity 52354K, committed 52480K, reserved 1048576K
}
Event: 2277.023 GC heap before
{Heap before GC invocations=177 (full 12):
 PSYoungGen      total 622592K, used 21419K [0x00000000d5580000, 0x00000000ffb00000, 0x0000000100000000)
  eden space 550912K, 0% used [0x00000000d5580000,0x00000000d5580000,0x00000000f6f80000)
  from space 71680K, 29% used [0x00000000f6f80000,0x00000000f846ae48,0x00000000fb580000)
  to   space 69120K, 0% used [0x00000000fb780000,0x00000000fb780000,0x00000000ffb00000)
 ParOldGen       total 829952K, used 800317K [0x0000000080000000, 0x00000000b2a80000, 0x00000000d5580000)
  object space 829952K, 96% used [0x0000000080000000,0x00000000b0d8f5b0,0x00000000b2a80000)
 Metaspace       used 378885K, capacity 402323K, committed 402648K, reserved 1398784K
  class space    used 47877K, capacity 52354K, committed 52480K, reserved 1048576K

