# JRE version: OpenJDK Runtime Environment (8.0_242) (build 1.8.0_242-release-1644-b3-6222593)
# Java VM: OpenJDK 64-Bit Server VM (25.242-b3-6222593 mixed mode linux-amd64 compressed oops)
Heap:
 PSYoungGen      total 533504K, used 0K [0x00000000d5580000, 0x0000000100000000, 0x0000000100000000)
  eden space 476672K, 0% used [0x00000000d5580000,0x00000000d5580000,0x00000000f2700000)
  from space 56832K, 0% used [0x00000000fc800000,0x00000000fc800000,0x00000000fff80000)
  to   space 111104K, 0% used [0x00000000f2700000,0x00000000f2700000,0x00000000f9380000)
 ParOldGen       total 729600K, used 528580K [0x0000000080000000, 0x00000000ac880000, 0x00000000d5580000)
  object space 729600K, 72% used [0x0000000080000000,0x00000000a04312c8,0x00000000ac880000)
 Metaspace       used 197080K, capacity 210380K, committed 210456K, reserved 1232896K
  class space    used 24994K, capacity 27428K, committed 27440K, reserved 1048576K
GC Heap History (10 events):
Event: 660.748 GC heap after
Heap after GC invocations=172 (full 14):
 PSYoungGen      total 635904K, used 12736K [0x00000000d5580000, 0x00000000ffd80000, 0x0000000100000000)
  eden space 576512K, 0% used [0x00000000d5580000,0x00000000d5580000,0x00000000f8880000)
  from space 59392K, 21% used [0x00000000fc380000,0x00000000fcff0040,0x00000000ffd80000)
  to   space 59904K, 0% used [0x00000000f8880000,0x00000000f8880000,0x00000000fc300000)
 ParOldGen       total 729600K, used 568476K [0x0000000080000000, 0x00000000ac880000, 0x00000000d5580000)
  object space 729600K, 77% used [0x0000000080000000,0x00000000a2b272e8,0x00000000ac880000)
 Metaspace       used 197029K, capacity 210262K, committed 210456K, reserved 1232896K
  class space    used 24986K, capacity 27419K, committed 27440K, reserved 1048576K
}
Event: 662.238 GC heap before
{Heap before GC invocations=173 (full 14):
 PSYoungGen      total 635904K, used 589248K [0x00000000d5580000, 0x00000000ffd80000, 0x0000000100000000)
  eden space 576512K, 100% used [0x00000000d5580000,0x00000000f8880000,0x00000000f8880000)
  from space 59392K, 21% used [0x00000000fc380000,0x00000000fcff0040,0x00000000ffd80000)
  to   space 59904K, 0% used [0x00000000f8880000,0x00000000f8880000,0x00000000fc300000)
 ParOldGen       total 729600K, used 568476K [0x0000000080000000, 0x00000000ac880000, 0x00000000d5580000)
  object space 729600K, 77% used [0x0000000080000000,0x00000000a2b272e8,0x00000000ac880000)
 Metaspace       used 197034K, capacity 210262K, committed 210456K, reserved 1232896K
  class space    used 24986K, capacity 27419K, committed 27440K, reserved 1048576K
Event: 662.295 GC heap after
Heap after GC invocations=173 (full 14):
 PSYoungGen      total 636416K, used 28337K [0x00000000d5580000, 0x00000000ffb80000, 0x0000000100000000)
  eden space 576512K, 0% used [0x00000000d5580000,0x00000000d5580000,0x00000000f8880000)
  from space 59904K, 47% used [0x00000000f8880000,0x00000000fa42c480,0x00000000fc300000)
  to   space 57344K, 0% used [0x00000000fc380000,0x00000000fc380000,0x00000000ffb80000)
 ParOldGen       total 729600K, used 576556K [0x0000000080000000, 0x00000000ac880000, 0x00000000d5580000)
  object space 729600K, 79% used [0x0000000080000000,0x00000000a330b280,0x00000000ac880000)
 Metaspace       used 197034K, capacity 210262K, committed 210456K, reserved 1232896K
  class space    used 24986K, capacity 27419K, committed 27440K, reserved 1048576K
}
Event: 663.566 GC heap before
{Heap before GC invocations=174 (full 14):
 PSYoungGen      total 636416K, used 604849K [0x00000000d5580000, 0x00000000ffb80000, 0x0000000100000000)
  eden space 576512K, 100% used [0x00000000d5580000,0x00000000f8880000,0x00000000f8880000)
  from space 59904K, 47% used [0x00000000f8880000,0x00000000fa42c480,0x00000000fc300000)
  to   space 57344K, 0% used [0x00000000fc380000,0x00000000fc380000,0x00000000ffb80000)
 ParOldGen       total 729600K, used 576556K [0x0000000080000000, 0x00000000ac880000, 0x00000000d5580000)
  object space 729600K, 79% used [0x0000000080000000,0x00000000a330b280,0x00000000ac880000)
 Metaspace       used 197035K, capacity 210262K, committed 210456K, reserved 1232896K
  class space    used 24986K, capacity 27419K, committed 27440K, reserved 1048576K
Event: 663.594 GC heap after
Heap after GC invocations=174 (full 14):
 PSYoungGen      total 637440K, used 9464K [0x00000000d5580000, 0x00000000ffc80000, 0x0000000100000000)
  eden space 580096K, 0% used [0x00000000d5580000,0x00000000d5580000,0x00000000f8c00000)
  from space 57344K, 16% used [0x00000000fc380000,0x00000000fccbe2a0,0x00000000ffb80000)
  to   space 56832K, 0% used [0x00000000f8c00000,0x00000000f8c00000,0x00000000fc380000)
 ParOldGen       total 729600K, used 581645K [0x0000000080000000, 0x00000000ac880000, 0x00000000d5580000)
  object space 729600K, 79% used [0x0000000080000000,0x00000000a38036a0,0x00000000ac880000)
 Metaspace       used 197035K, capacity 210262K, committed 210456K, reserved 1232896K
  class space    used 24986K, capacity 27419K, committed 27440K, reserved 1048576K
}
Event: 665.323 GC heap before
{Heap before GC invocations=175 (full 14):
 PSYoungGen      total 637440K, used 589560K [0x00000000d5580000, 0x00000000ffc80000, 0x0000000100000000)
  eden space 580096K, 100% used [0x00000000d5580000,0x00000000f8c00000,0x00000000f8c00000)
  from space 57344K, 16% used [0x00000000fc380000,0x00000000fccbe2a0,0x00000000ffb80000)
  to   space 56832K, 0% used [0x00000000f8c00000,0x00000000f8c00000,0x00000000fc380000)
 ParOldGen       total 729600K, used 581645K [0x0000000080000000, 0x00000000ac880000, 0x00000000d5580000)
  object space 729600K, 79% used [0x0000000080000000,0x00000000a38036a0,0x00000000ac880000)
 Metaspace       used 197041K, capacity 210262K, committed 210456K, reserved 1232896K
  class space    used 24986K, capacity 27419K, committed 27440K, reserved 1048576K
Event: 665.358 GC heap after
Heap after GC invocations=175 (full 14):
 PSYoungGen      total 636928K, used 4717K [0x00000000d5580000, 0x00000000fff80000, 0x0000000100000000)
  eden space 580096K, 0% used [0x00000000d5580000,0x00000000d5580000,0x00000000f8c00000)
  from space 56832K, 8% used [0x00000000f8c00000,0x00000000f909b788,0x00000000fc380000)
  to   space 56832K, 0% used [0x00000000fc800000,0x00000000fc800000,0x00000000fff80000)
 ParOldGen       total 729600K, used 587120K [0x0000000080000000, 0x00000000ac880000, 0x00000000d5580000)
  object space 729600K, 80% used [0x0000000080000000,0x00000000a3d5c2c8,0x00000000ac880000)
 Metaspace       used 197041K, capacity 210262K, committed 210456K, reserved 1232896K
  class space    used 24986K, capacity 27419K, committed 27440K, reserved 1048576K
}
Event: 667.270 GC heap before
{Heap before GC invocations=176 (full 14):
 PSYoungGen      total 636928K, used 584388K [0x00000000d5580000, 0x00000000fff80000, 0x0000000100000000)
  eden space 580096K, 99% used [0x00000000d5580000,0x00000000f8b95960,0x00000000f8c00000)
  from space 56832K, 8% used [0x00000000f8c00000,0x00000000f909b788,0x00000000fc380000)
  to   space 56832K, 0% used [0x00000000fc800000,0x00000000fc800000,0x00000000fff80000)
 ParOldGen       total 729600K, used 587120K [0x0000000080000000, 0x00000000ac880000, 0x00000000d5580000)
  object space 729600K, 80% used [0x0000000080000000,0x00000000a3d5c2c8,0x00000000ac880000)
 Metaspace       used 197080K, capacity 210380K, committed 210456K, reserved 1232896K
  class space    used 24994K, capacity 27428K, committed 27440K, reserved 1048576K
Event: 667.571 GC heap after
Heap after GC invocations=176 (full 14):
 PSYoungGen      total 533504K, used 56822K [0x00000000d5580000, 0x0000000100000000, 0x0000000100000000)
  eden space 476672K, 0% used [0x00000000d5580000,0x00000000d5580000,0x00000000f2700000)
  from space 56832K, 99% used [0x00000000fc800000,0x00000000fff7d908,0x00000000fff80000)
  to   space 111104K, 0% used [0x00000000f2700000,0x00000000f2700000,0x00000000f9380000)
 ParOldGen       total 729600K, used 707651K [0x0000000080000000, 0x00000000ac880000, 0x00000000d5580000)
  object space 729600K, 96% used [0x0000000080000000,0x00000000ab310ef0,0x00000000ac880000)
 Metaspace       used 197080K, capacity 210380K, committed 210456K, reserved 1232896K
  class space    used 24994K, capacity 27428K, committed 27440K, reserved 1048576K
}
Event: 667.571 GC heap before
{Heap before GC invocations=177 (full 15):
 PSYoungGen      total 533504K, used 56822K [0x00000000d5580000, 0x0000000100000000, 0x0000000100000000)
  eden space 476672K, 0% used [0x00000000d5580000,0x00000000d5580000,0x00000000f2700000)
  from space 56832K, 99% used [0x00000000fc800000,0x00000000fff7d908,0x00000000fff80000)
  to   space 111104K, 0% used [0x00000000f2700000,0x00000000f2700000,0x00000000f9380000)
 ParOldGen       total 729600K, used 707651K [0x0000000080000000, 0x00000000ac880000, 0x00000000d5580000)
  object space 729600K, 96% used [0x0000000080000000,0x00000000ab310ef0,0x00000000ac880000)
 Metaspace       used 197080K, capacity 210380K, committed 210456K, reserved 1232896K
  class space    used 24994K, capacity 27428K, committed 27440K, reserved 1048576K

